# JRE version: Java(TM) SE Runtime Environment (24.0.2+12) (build 24.0.2+12-54)
# Java VM: Java HotSpot(TM) 64-Bit Server VM (24.0.2+12-54, mixed mode, sharing, tiered, compressed oops, compressed class ptrs, g1 gc, bsd-aarch64)
Heap:
 garbage-first heap   total reserved 2097152K, committed 133120K, used 76123K [0x0000000780000000, 0x0000000800000000)
  region size 1024K, 59 young (60416K), 1 survivors (1024K)
 Metaspace       used 17729K, committed 18368K, reserved 1114112K
  class space    used 1587K, committed 1856K, reserved 1048576K
GC Heap History (20 events):
Event: 4.058 GC heap before
{Heap before GC invocations=0 (full 0):
 garbage-first heap   total reserved 2097152K, committed 133120K, used 59489K [0x0000000780000000, 0x0000000800000000)
  region size 1024K, 47 young (48128K), 0 survivors (0K)
 Metaspace       used 16336K, committed 16960K, reserved 1114112K
  class space    used 1551K, committed 1792K, reserved 1048576K
}
Event: 4.067 GC heap after
{Heap after GC invocations=1 (full 0):
 garbage-first heap   total reserved 2097152K, committed 133120K, used 15942K [0x0000000780000000, 0x0000000800000000)
  region size 1024K, 5 young (5120K), 5 survivors (5120K)
 Metaspace       used 16336K, committed 16960K, reserved 1114112K
  class space    used 1551K, committed 1792K, reserved 1048576K
}
Event: 27.112 GC heap before
{Heap before GC invocations=1 (full 0):
 garbage-first heap   total reserved 2097152K, committed 133120K, used 71238K [0x0000000780000000, 0x0000000800000000)
  region size 1024K, 56 young (57344K), 5 survivors (5120K)
 Metaspace       used 17321K, committed 17920K, reserved 1114112K
  class space    used 1571K, committed 1792K, reserved 1048576K
}
Event: 27.119 GC heap after
{Heap after GC invocations=2 (full 0):
 garbage-first heap   total reserved 2097152K, committed 133120K, used 14281K [0x0000000780000000, 0x0000000800000000)
  region size 1024K, 1 young (1024K), 1 survivors (1024K)
 Metaspace       used 17321K, committed 17920K, reserved 1114112K
  class space    used 1571K, committed 1792K, reserved 1048576K
}
Event: 58.959 GC heap before
{Heap before GC invocations=2 (full 0):
 garbage-first heap   total reserved 2097152K, committed 133120K, used 81865K [0x0000000780000000, 0x0000000800000000)
  region size 1024K, 64 young (65536K), 1 survivors (1024K)
 Metaspace       used 17403K, committed 17984K, reserved 1114112K
  class space    used 1572K, committed 1792K, reserved 1048576K
}
Event: 58.961 GC heap after
{Heap after GC invocations=3 (full 0):
 garbage-first heap   total reserved 2097152K, committed 133120K, used 13691K [0x0000000780000000, 0x0000000800000000)
  region size 1024K, 1 young (1024K), 1 survivors (1024K)
 Metaspace       used 17403K, committed 17984K, reserved 1114112K
  class space    used 1572K, committed 1792K, reserved 1048576K
}
Event: 93.303 GC heap before
{Heap before GC invocations=3 (full 0):
 garbage-first heap   total reserved 2097152K, committed 133120K, used 85371K [0x0000000780000000, 0x0000000800000000)
  region size 1024K, 68 young (69632K), 1 survivors (1024K)
 Metaspace       used 17630K, committed 18240K, reserved 1114112K
  class space    used 1586K, committed 1856K, reserved 1048576K
}
Event: 93.305 GC heap after
{Heap after GC invocations=4 (full 0):
 garbage-first heap   total reserved 2097152K, committed 133120K, used 13671K [0x0000000780000000, 0x0000000800000000)
  region size 1024K, 1 young (1024K), 1 survivors (1024K)
 Metaspace       used 17630K, committed 18240K, reserved 1114112K
  class space    used 1586K, committed 1856K, reserved 1048576K
}
Event: 131.332 GC heap before
{Heap before GC invocations=4 (full 0):
 garbage-first heap   total reserved 2097152K, committed 133120K, used 91495K [0x0000000780000000, 0x0000000800000000)
  region size 1024K, 74 young (75776K), 1 survivors (1024K)
 Metaspace       used 17687K, committed 18368K, reserved 1114112K
  class space    used 1587K, committed 1856K, reserved 1048576K
}
Event: 131.337 GC heap after
{Heap after GC invocations=5 (full 0):
 garbage-first heap   total reserved 2097152K, committed 133120K, used 13660K [0x0000000780000000, 0x0000000800000000)
  region size 1024K, 1 young (1024K), 1 survivors (1024K)
 Metaspace       used 17687K, committed 18368K, reserved 1114112K
  class space    used 1587K, committed 1856K, reserved 1048576K
}
Event: 170.474 GC heap before
{Heap before GC invocations=5 (full 0):
 garbage-first heap   total reserved 2097152K, committed 133120K, used 93532K [0x0000000780000000, 0x0000000800000000)
  region size 1024K, 76 young (77824K), 1 survivors (1024K)
 Metaspace       used 17699K, committed 18368K, reserved 1114112K
  class space    used 1587K, committed 1856K, reserved 1048576K
}
Event: 170.478 GC heap after
{Heap after GC invocations=6 (full 0):
 garbage-first heap   total reserved 2097152K, committed 133120K, used 13656K [0x0000000780000000, 0x0000000800000000)
  region size 1024K, 1 young (1024K), 1 survivors (1024K)
 Metaspace       used 17699K, committed 18368K, reserved 1114112K
  class space    used 1587K, committed 1856K, reserved 1048576K
}
Event: 209.645 GC heap before
{Heap before GC invocations=6 (full 0):
 garbage-first heap   total reserved 2097152K, committed 133120K, used 93528K [0x0000000780000000, 0x0000000800000000)
  region size 1024K, 76 young (77824K), 1 survivors (1024K)
 Metaspace       used 17713K, committed 18368K, reserved 1114112K
  class space    used 1587K, committed 1856K, reserved 1048576K
}
Event: 209.648 GC heap after
{Heap after GC invocations=7 (full 0):
 garbage-first heap   total reserved 2097152K, committed 133120K, used 13656K [0x0000000780000000, 0x0000000800000000)
  region size 1024K, 1 young (1024K), 1 survivors (1024K)
 Metaspace       used 17713K, committed 18368K, reserved 1114112K
  class space    used 1587K, committed 1856K, reserved 1048576K
}
Event: 248.620 GC heap before
{Heap before GC invocations=7 (full 0):
 garbage-first heap   total reserved 2097152K, committed 133120K, used 93528K [0x0000000780000000, 0x0000000800000000)
  region size 1024K, 76 young (77824K), 1 survivors (1024K)
 Metaspace       used 17713K, committed 18368K, reserved 1114112K
  class space    used 1587K, committed 1856K, reserved 1048576K
}
Event: 248.624 GC heap after
{Heap after GC invocations=8 (full 0):
 garbage-first heap   total reserved 2097152K, committed 133120K, used 13659K [0x0000000780000000, 0x0000000800000000)
  region size 1024K, 1 young (1024K), 1 survivors (1024K)
 Metaspace       used 17713K, committed 18368K, reserved 1114112K
  class space    used 1587K, committed 1856K, reserved 1048576K
}
Event: 287.876 GC heap before
{Heap before GC invocations=8 (full 0):
 garbage-first heap   total reserved 2097152K, committed 133120K, used 93531K [0x0000000780000000, 0x0000000800000000)
  region size 1024K, 76 young (77824K), 1 survivors (1024K)
 Metaspace       used 17729K, committed 18368K, reserved 1114112K
  class space    used 1587K, committed 1856K, reserved 1048576K
}
Event: 287.878 GC heap after
{Heap after GC invocations=9 (full 0):
 garbage-first heap   total reserved 2097152K, committed 133120K, used 13662K [0x0000000780000000, 0x0000000800000000)
  region size 1024K, 1 young (1024K), 1 survivors (1024K)
 Metaspace       used 17729K, committed 18368K, reserved 1114112K
  class space    used 1587K, committed 1856K, reserved 1048576K
}
Event: 327.042 GC heap before
{Heap before GC invocations=9 (full 0):
 garbage-first heap   total reserved 2097152K, committed 133120K, used 93534K [0x0000000780000000, 0x0000000800000000)
  region size 1024K, 76 young (77824K), 1 survivors (1024K)
 Metaspace       used 17729K, committed 18368K, reserved 1114112K
  class space    used 1587K, committed 1856K, reserved 1048576K
}
Event: 327.045 GC heap after
{Heap after GC invocations=10 (full 0):
 garbage-first heap   total reserved 2097152K, committed 133120K, used 13659K [0x0000000780000000, 0x0000000800000000)
  region size 1024K, 1 young (1024K), 1 survivors (1024K)
 Metaspace       used 17729K, committed 18368K, reserved 1114112K
  class space    used 1587K, committed 1856K, reserved 1048576K
}

